/Applications/CLion.app/Contents/bin/cmake/mac/bin/cmake -DCMAKE_BUILD_TYPE=Debug -DCMAKE_MAKE_PROGRAM=/Applications/CLion.app/Contents/bin/ninja/mac/ninja -G Ninja -S /Users/baojinchang/Documents/CMU-15445 -B /Users/baojinchang/Documents/CMU-15445/cmake-build-debug
-- The C compiler identification is AppleClang 14.0.3.14030022
-- The CXX compiler identification is AppleClang 14.0.3.14030022
-- Detecting C compiler ABI info
-- Detecting C compiler ABI info - done
-- Check for working C compiler: /Library/Developer/CommandLineTools/usr/bin/cc - skipped
-- Detecting C compile features
-- Detecting C compile features - done
-- Detecting CXX compiler ABI info
-- Detecting CXX compiler ABI info - done
-- Check for working CXX compiler: /Library/Developer/CommandLineTools/usr/bin/c++ - skipped
-- Detecting CXX compile features
-- Detecting CXX compile features - done
CMake Warning at CMakeLists.txt:42 (message):
  BusTub/main couldn't find clang-format.


CMake Warning at CMakeLists.txt:55 (message):
  BusTub/main couldn't find clang-tidy.


-- BusTub/main found cpplint at /Users/baojinchang/Documents/CMU-15445/build_support/cpplint.py
CMake Error: The current CMakeCache.txt directory /Users/baojinchang/Documents/CMU-15445/cmake-build-debug/googletest-download/CMakeCache.txt is different than the directory /Users/baojinri/Documents/code/CMU-15445/cmake-build-debug/googletest-download where CMakeCache.txt was created. This may result in binaries being created in the wrong place. If you are not sure, reedit the CMakeCache.txt
CMake Error: The current CMakeCache.txt directory /Users/baojinchang/Documents/CMU-15445/cmake-build-debug/googletest-download/CMakeCache.txt is different than the directory /Users/baojinri/Documents/code/CMU-15445/cmake-build-debug/googletest-download where CMakeCache.txt was created. This may result in binaries being created in the wrong place. If you are not sure, reedit the CMakeCache.txt
[0/1] Re-running CMake...
CMake Error: The source directory "/Users/baojinri/Documents/code/CMU-15445/cmake-build-debug/googletest-download" does not exist.
Specify --help for usage, or press the help button on the CMake GUI.
FAILED: build.ninja 
/Applications/CLion.app/Contents/bin/cmake/mac/bin/cmake --regenerate-during-build -S/Users/baojinri/Documents/code/CMU-15445/cmake-build-debug/googletest-download -B/Users/baojinri/Documents/code/CMU-15445/cmake-build-debug/googletest-download
ninja: error: rebuilding 'build.ninja': subcommand failed
CMake Error at CMakeLists.txt:79 (add_subdirectory):
  The source directory

    /Users/baojinchang/Documents/CMU-15445/cmake-build-debug/googletest-src

  does not contain a CMakeLists.txt file.


-- CMAKE_CXX_FLAGS:  -fPIC -Wall -Wextra -Werror -Wno-unused-parameter -Wno-attributes
-- CMAKE_CXX_FLAGS_DEBUG: -g -O0 -ggdb -fsanitize=address -fno-omit-frame-pointer -fno-optimize-sibling-calls
-- CMAKE_EXE_LINKER_FLAGS:  -fPIC
-- CMAKE_SHARED_LINKER_FLAGS:  -fPIC
CMake Warning at test/CMakeLists.txt:10 (message):
  BusTub/test couldn't find valgrind.


-- Configuring incomplete, errors occurred!
See also "/Users/baojinchang/Documents/CMU-15445/cmake-build-debug/CMakeFiles/CMakeOutput.log".
See also "/Users/baojinchang/Documents/CMU-15445/cmake-build-debug/CMakeFiles/CMakeError.log".
